mode: atomic
github.com/bipol/scrapedumper/pkg/circuitbreaker/circuit.go:23.55,29.2 2 7
github.com/bipol/scrapedumper/pkg/circuitbreaker/circuit.go:31.44,32.27 1 30
github.com/bipol/scrapedumper/pkg/circuitbreaker/circuit.go:36.2,36.28 1 30
github.com/bipol/scrapedumper/pkg/circuitbreaker/circuit.go:32.27,34.3 1 30
github.com/bipol/scrapedumper/pkg/circuitbreaker/circuit.go:39.49,40.27 1 27
github.com/bipol/scrapedumper/pkg/circuitbreaker/circuit.go:45.2,45.13 1 10
github.com/bipol/scrapedumper/pkg/circuitbreaker/circuit.go:40.27,41.13 1 65
github.com/bipol/scrapedumper/pkg/circuitbreaker/circuit.go:41.13,43.4 1 17
github.com/bipol/scrapedumper/pkg/circuitbreaker/circuit.go:61.82,68.2 1 3
github.com/bipol/scrapedumper/pkg/circuitbreaker/circuit.go:70.54,71.21 1 25
github.com/bipol/scrapedumper/pkg/circuitbreaker/circuit.go:80.2,81.16 2 25
github.com/bipol/scrapedumper/pkg/circuitbreaker/circuit.go:101.2,101.12 1 17
github.com/bipol/scrapedumper/pkg/circuitbreaker/circuit.go:71.21,73.53 1 2
github.com/bipol/scrapedumper/pkg/circuitbreaker/circuit.go:73.53,75.4 1 2
github.com/bipol/scrapedumper/pkg/circuitbreaker/circuit.go:75.9,77.4 1 0
github.com/bipol/scrapedumper/pkg/circuitbreaker/circuit.go:81.16,84.25 2 20
github.com/bipol/scrapedumper/pkg/circuitbreaker/circuit.go:84.25,86.27 1 8
github.com/bipol/scrapedumper/pkg/circuitbreaker/circuit.go:89.4,91.25 3 3
github.com/bipol/scrapedumper/pkg/circuitbreaker/circuit.go:86.27,88.5 1 5
github.com/bipol/scrapedumper/pkg/circuitbreaker/circuit.go:93.8,96.49 2 5
github.com/bipol/scrapedumper/pkg/circuitbreaker/circuit.go:96.49,98.4 1 1
