mode: atomic
github.com/bipol/scrapedumper/pkg/martaapi/client.go:40.95,48.2 1 1
github.com/bipol/scrapedumper/pkg/martaapi/client.go:59.33,61.2 1 0
github.com/bipol/scrapedumper/pkg/martaapi/client.go:63.81,65.16 2 0
github.com/bipol/scrapedumper/pkg/martaapi/client.go:68.2,71.17 4 0
github.com/bipol/scrapedumper/pkg/martaapi/client.go:65.16,67.3 1 0
github.com/bipol/scrapedumper/pkg/martaapi/client.go:75.75,83.16 4 0
github.com/bipol/scrapedumper/pkg/martaapi/client.go:87.2,88.16 2 0
github.com/bipol/scrapedumper/pkg/martaapi/client.go:91.2,91.23 1 0
github.com/bipol/scrapedumper/pkg/martaapi/client.go:83.16,85.3 1 0
github.com/bipol/scrapedumper/pkg/martaapi/client.go:88.16,90.3 1 0
